Arguments: 
  C:\Program Files\nodejs\node.exe C:\Program Files (x86)\Yarn\bin\yarn.js add @polymer/paper-button @polymer/paper-checkbox @polymer/paper-icon-button @polymer/paper-input @polymer/paper-radio-button @polymer/paper-radio-group @sendgrid/mail @smyd/app-overlays @smyd/app-shared @smyd/checkout-items-sync @smyd/checkout-pay @smyd/app-inputs @smyd/app-functions @smyd/app-imgs binpackingjs Braintree shippo

PATH: 
  C:\Program Files\Oculus\Support\oculus-runtime;C:\Program Files (x86)\Common Files\Intel\Shared Libraries\redist\intel64\compiler;C:\Windows\system32;C:\Windows;C:\Windows\System32\Wbem;C:\Windows\System32\WindowsPowerShell\v1.0\;C:\Windows\System32\OpenSSH\;C:\Program Files\Git\cmd;C:\Program Files\nodejs\;C:\Program Files (x86)\Yarn\bin\;C:\Program Files\NVIDIA Corporation\NVIDIA NvDLISR;C:\Program Files (x86)\NVIDIA Corporation\PhysX\Common;C:\Users\mine\AppData\Local\Microsoft\WindowsApps;C:\Users\mine\AppData\Roaming\npm;C:\Users\mine\AppData\Local\Yarn\bin

Yarn version: 
  1.22.4

Node version: 
  12.18.2

Platform: 
  win32 x64

Trace: 
  Error: https://registry.yarnpkg.com/Braintree: Not found
      at Request.params.callback [as _callback] (C:\Program Files (x86)\Yarn\lib\cli.js:66096:18)
      at Request.self.callback (C:\Program Files (x86)\Yarn\lib\cli.js:140748:22)
      at Request.emit (events.js:315:20)
      at Request.<anonymous> (C:\Program Files (x86)\Yarn\lib\cli.js:141720:10)
      at Request.emit (events.js:315:20)
      at IncomingMessage.<anonymous> (C:\Program Files (x86)\Yarn\lib\cli.js:141642:12)
      at Object.onceWrapper (events.js:421:28)
      at IncomingMessage.emit (events.js:327:22)
      at endReadableNT (_stream_readable.js:1221:12)
      at processTicksAndRejections (internal/process/task_queues.js:84:21)

npm manifest: 
  {
    "name": "@smyd/app-checkout",
    "version": "1.0.0",
    "description": "A collection of elements that walk the user through the checkout experience including handling shipping and payment",
    "main": "index.js",
    "scripts": {
      "test": "echo \"Error: no test specified\" && exit 1"
    },
    "repository": {
      "type": "git",
      "url": "git+https://github.com/stylemydomain/app-checkout.git"
    },
    "author": "Ben Forrester",
    "license": "MIT",
    "bugs": {
      "url": "https://github.com/stylemydomain/app-checkout/issues"
    },
    "homepage": "https://github.com/stylemydomain/app-checkout#readme",
    "dependencies": {
      "@polymer/polymer": "^3.0.0"
    },
    "devDependencies": {
      "@polymer/iron-demo-helpers": "^3.1.0",
      "@polymer/test-fixture": "^4.0.2",
      "@webcomponents/webcomponentsjs": "^2.0.0",
      "chai": "^4.2.0",
      "mocha": "^6.1.4",
      "wct-mocha": "^1.0.1"
    }
  }

yarn manifest: 
  No manifest

Lockfile: 
  No lockfile
